{"D:\\ataola\\github\\ataola\\coding-ts\\code\\sum.ts": {"path":"D:\\ataola\\github\\ataola\\coding-ts\\code\\sum.ts","statementMap":{"0":{"start":{"line":3,"column":21},"end":{"line":3,"column":36}},"1":{"start":{"line":3,"column":31},"end":{"line":3,"column":36}},"2":{"start":{"line":4,"column":0},"end":{"line":4,"column":19}}},"fnMap":{"0":{"name":"(anonymous_0)","decl":{"start":{"line":3,"column":21},"end":{"line":3,"column":22}},"loc":{"start":{"line":3,"column":31},"end":{"line":3,"column":36}}}},"branchMap":{},"s":{"0":1,"1":1,"2":1},"f":{"0":1},"b":{}}
,"D:\\ataola\\github\\ataola\\coding-ts\\code\\leetcode\\1-two-sum.ts": {"path":"D:\\ataola\\github\\ataola\\coding-ts\\code\\leetcode\\1-two-sum.ts","statementMap":{"0":{"start":{"line":9,"column":2},"end":{"line":15,"column":null}},"1":{"start":{"line":9,"column":15},"end":{"line":9,"column":16}},"2":{"start":{"line":10,"column":4},"end":{"line":14,"column":null}},"3":{"start":{"line":10,"column":17},"end":{"line":10,"column":22}},"4":{"start":{"line":11,"column":6},"end":{"line":13,"column":null}},"5":{"start":{"line":12,"column":8},"end":{"line":12,"column":22}},"6":{"start":{"line":8,"column":0},"end":{"line":8,"column":16}},"7":{"start":{"line":24,"column":19},"end":{"line":24,"column":21}},"8":{"start":{"line":25,"column":2},"end":{"line":30,"column":null}},"9":{"start":{"line":25,"column":15},"end":{"line":25,"column":16}},"10":{"start":{"line":26,"column":4},"end":{"line":28,"column":null}},"11":{"start":{"line":27,"column":6},"end":{"line":27,"column":40}},"12":{"start":{"line":29,"column":4},"end":{"line":29,"column":21}},"13":{"start":{"line":23,"column":0},"end":{"line":23,"column":16}}},"fnMap":{"0":{"name":"twoSum1","decl":{"start":{"line":8,"column":16},"end":{"line":8,"column":23}},"loc":{"start":{"line":8,"column":54},"end":{"line":16,"column":1}}},"1":{"name":"twoSum2","decl":{"start":{"line":23,"column":16},"end":{"line":23,"column":23}},"loc":{"start":{"line":23,"column":54},"end":{"line":31,"column":1}}}},"branchMap":{"0":{"loc":{"start":{"line":11,"column":6},"end":{"line":13,"column":null}},"type":"if","locations":[{"start":{"line":11,"column":6},"end":{"line":13,"column":null}}]},"1":{"loc":{"start":{"line":26,"column":4},"end":{"line":28,"column":null}},"type":"if","locations":[{"start":{"line":26,"column":4},"end":{"line":28,"column":null}}]}},"s":{"0":3,"1":3,"2":4,"3":4,"4":5,"5":3,"6":1,"7":3,"8":3,"9":3,"10":7,"11":3,"12":4,"13":1},"f":{"0":3,"1":3},"b":{"0":[3],"1":[3]}}
,"D:\\ataola\\github\\ataola\\coding-ts\\code\\leetcode\\15-three-sum.ts": {"path":"D:\\ataola\\github\\ataola\\coding-ts\\code\\leetcode\\15-three-sum.ts","statementMap":{"0":{"start":{"line":9,"column":26},"end":{"line":9,"column":28}},"1":{"start":{"line":11,"column":2},"end":{"line":13,"column":null}},"2":{"start":{"line":12,"column":4},"end":{"line":12,"column":15}},"3":{"start":{"line":15,"column":2},"end":{"line":15,"column":29}},"4":{"start":{"line":15,"column":22},"end":{"line":15,"column":27}},"5":{"start":{"line":17,"column":2},"end":{"line":48,"column":null}},"6":{"start":{"line":17,"column":15},"end":{"line":17,"column":16}},"7":{"start":{"line":18,"column":12},"end":{"line":18,"column":17}},"8":{"start":{"line":19,"column":12},"end":{"line":19,"column":27}},"9":{"start":{"line":21,"column":4},"end":{"line":23,"column":null}},"10":{"start":{"line":22,"column":6},"end":{"line":22,"column":15}},"11":{"start":{"line":25,"column":4},"end":{"line":47,"column":null}},"12":{"start":{"line":26,"column":6},"end":{"line":46,"column":null}},"13":{"start":{"line":27,"column":8},"end":{"line":27,"column":12}},"14":{"start":{"line":28,"column":8},"end":{"line":30,"column":null}},"15":{"start":{"line":29,"column":10},"end":{"line":29,"column":14}},"16":{"start":{"line":31,"column":13},"end":{"line":46,"column":null}},"17":{"start":{"line":32,"column":8},"end":{"line":32,"column":12}},"18":{"start":{"line":33,"column":8},"end":{"line":35,"column":null}},"19":{"start":{"line":34,"column":10},"end":{"line":34,"column":14}},"20":{"start":{"line":37,"column":8},"end":{"line":37,"column":46}},"21":{"start":{"line":38,"column":8},"end":{"line":38,"column":12}},"22":{"start":{"line":39,"column":8},"end":{"line":39,"column":12}},"23":{"start":{"line":40,"column":8},"end":{"line":42,"column":null}},"24":{"start":{"line":41,"column":10},"end":{"line":41,"column":14}},"25":{"start":{"line":43,"column":8},"end":{"line":45,"column":null}},"26":{"start":{"line":44,"column":10},"end":{"line":44,"column":14}},"27":{"start":{"line":50,"column":2},"end":{"line":50,"column":13}},"28":{"start":{"line":8,"column":0},"end":{"line":8,"column":16}}},"fnMap":{"0":{"name":"threeSum","decl":{"start":{"line":8,"column":16},"end":{"line":8,"column":24}},"loc":{"start":{"line":8,"column":39},"end":{"line":51,"column":1}}},"1":{"name":"(anonymous_1)","decl":{"start":{"line":15,"column":12},"end":{"line":15,"column":13}},"loc":{"start":{"line":15,"column":22},"end":{"line":15,"column":27}}}},"branchMap":{"0":{"loc":{"start":{"line":11,"column":2},"end":{"line":13,"column":null}},"type":"if","locations":[{"start":{"line":11,"column":2},"end":{"line":13,"column":null}}]},"1":{"loc":{"start":{"line":21,"column":4},"end":{"line":23,"column":null}},"type":"if","locations":[{"start":{"line":21,"column":4},"end":{"line":23,"column":null}}]},"2":{"loc":{"start":{"line":21,"column":8},"end":{"line":21,"column":40}},"type":"binary-expr","locations":[{"start":{"line":21,"column":8},"end":{"line":21,"column":13}},{"start":{"line":21,"column":17},"end":{"line":21,"column":40}}]},"3":{"loc":{"start":{"line":26,"column":6},"end":{"line":46,"column":null}},"type":"if","locations":[{"start":{"line":26,"column":6},"end":{"line":46,"column":null}},{"start":{"line":31,"column":13},"end":{"line":46,"column":null}}]},"4":{"loc":{"start":{"line":28,"column":15},"end":{"line":28,"column":47}},"type":"binary-expr","locations":[{"start":{"line":28,"column":15},"end":{"line":28,"column":20}},{"start":{"line":28,"column":24},"end":{"line":28,"column":47}}]},"5":{"loc":{"start":{"line":31,"column":13},"end":{"line":46,"column":null}},"type":"if","locations":[{"start":{"line":31,"column":13},"end":{"line":46,"column":null}},{"start":{"line":36,"column":13},"end":{"line":46,"column":null}}]},"6":{"loc":{"start":{"line":33,"column":15},"end":{"line":33,"column":47}},"type":"binary-expr","locations":[{"start":{"line":33,"column":15},"end":{"line":33,"column":20}},{"start":{"line":33,"column":24},"end":{"line":33,"column":47}}]},"7":{"loc":{"start":{"line":40,"column":15},"end":{"line":40,"column":47}},"type":"binary-expr","locations":[{"start":{"line":40,"column":15},"end":{"line":40,"column":20}},{"start":{"line":40,"column":24},"end":{"line":40,"column":47}}]},"8":{"loc":{"start":{"line":43,"column":15},"end":{"line":43,"column":47}},"type":"binary-expr","locations":[{"start":{"line":43,"column":15},"end":{"line":43,"column":20}},{"start":{"line":43,"column":24},"end":{"line":43,"column":47}}]}},"s":{"0":3,"1":3,"2":2,"3":1,"4":10,"5":1,"6":1,"7":4,"8":4,"9":4,"10":1,"11":3,"12":6,"13":3,"14":3,"15":1,"16":3,"17":1,"18":1,"19":0,"20":2,"21":2,"22":2,"23":2,"24":0,"25":2,"26":0,"27":1,"28":1},"f":{"0":3,"1":10},"b":{"0":[2],"1":[1],"2":[4,3],"3":[3,3],"4":[4,3],"5":[1,2],"6":[1,0],"7":[2,1],"8":[2,1]}}
,"D:\\ataola\\github\\ataola\\coding-ts\\code\\leetcode\\211-design-add-and-search-words-data-structure.ts": {"path":"D:\\ataola\\github\\ataola\\coding-ts\\code\\leetcode\\211-design-add-and-search-words-data-structure.ts","statementMap":{"0":{"start":{"line":9,"column":4},"end":{"line":9,"column":20}},"1":{"start":{"line":17,"column":4},"end":{"line":21,"column":null}},"2":{"start":{"line":18,"column":6},"end":{"line":18,"column":41}},"3":{"start":{"line":20,"column":6},"end":{"line":20,"column":39}},"4":{"start":{"line":29,"column":4},"end":{"line":31,"column":null}},"5":{"start":{"line":30,"column":6},"end":{"line":30,"column":19}},"6":{"start":{"line":33,"column":4},"end":{"line":35,"column":null}},"7":{"start":{"line":34,"column":6},"end":{"line":34,"column":52}},"8":{"start":{"line":37,"column":16},"end":{"line":37,"column":32}},"9":{"start":{"line":38,"column":4},"end":{"line":38,"column":66}},"10":{"start":{"line":38,"column":50},"end":{"line":38,"column":64}},"11":{"start":{"line":6,"column":0},"end":{"line":6,"column":21}}},"fnMap":{"0":{"name":"(anonymous_0)","decl":{"start":{"line":8,"column":2},"end":{"line":8,"column":null}},"loc":{"start":{"line":8,"column":2},"end":{"line":10,"column":3}}},"1":{"name":"(anonymous_1)","decl":{"start":{"line":16,"column":2},"end":{"line":16,"column":9}},"loc":{"start":{"line":16,"column":22},"end":{"line":22,"column":3}}},"2":{"name":"(anonymous_2)","decl":{"start":{"line":28,"column":2},"end":{"line":28,"column":8}},"loc":{"start":{"line":28,"column":21},"end":{"line":39,"column":3}}},"3":{"name":"(anonymous_3)","decl":{"start":{"line":38,"column":40},"end":{"line":38,"column":41}},"loc":{"start":{"line":38,"column":50},"end":{"line":38,"column":64}}}},"branchMap":{"0":{"loc":{"start":{"line":17,"column":4},"end":{"line":21,"column":null}},"type":"if","locations":[{"start":{"line":17,"column":4},"end":{"line":21,"column":null}},{"start":{"line":19,"column":11},"end":{"line":21,"column":null}}]},"1":{"loc":{"start":{"line":29,"column":4},"end":{"line":31,"column":null}},"type":"if","locations":[{"start":{"line":29,"column":4},"end":{"line":31,"column":null}}]},"2":{"loc":{"start":{"line":33,"column":4},"end":{"line":35,"column":null}},"type":"if","locations":[{"start":{"line":33,"column":4},"end":{"line":35,"column":null}}]}},"s":{"0":1,"1":3,"2":2,"3":1,"4":4,"5":0,"6":4,"7":2,"8":2,"9":2,"10":2,"11":1},"f":{"0":1,"1":3,"2":4,"3":2},"b":{"0":[2,1],"1":[0],"2":[2]}}
,"D:\\ataola\\github\\ataola\\coding-ts\\code\\leetcode\\680-valid-palindrome-ii.ts": {"path":"D:\\ataola\\github\\ataola\\coding-ts\\code\\leetcode\\680-valid-palindrome-ii.ts","statementMap":{"0":{"start":{"line":9,"column":10},"end":{"line":9,"column":11}},"1":{"start":{"line":10,"column":10},"end":{"line":10,"column":22}},"2":{"start":{"line":11,"column":2},"end":{"line":14,"column":null}},"3":{"start":{"line":12,"column":4},"end":{"line":12,"column":8}},"4":{"start":{"line":13,"column":4},"end":{"line":13,"column":8}},"5":{"start":{"line":16,"column":2},"end":{"line":18,"column":null}},"6":{"start":{"line":17,"column":4},"end":{"line":17,"column":16}},"7":{"start":{"line":20,"column":2},"end":{"line":22,"column":null}},"8":{"start":{"line":21,"column":4},"end":{"line":21,"column":16}},"9":{"start":{"line":25,"column":4},"end":{"line":31,"column":null}},"10":{"start":{"line":26,"column":6},"end":{"line":28,"column":null}},"11":{"start":{"line":27,"column":8},"end":{"line":27,"column":21}},"12":{"start":{"line":29,"column":6},"end":{"line":29,"column":13}},"13":{"start":{"line":30,"column":6},"end":{"line":30,"column":14}},"14":{"start":{"line":32,"column":4},"end":{"line":32,"column":16}},"15":{"start":{"line":34,"column":2},"end":{"line":34,"column":15}},"16":{"start":{"line":8,"column":0},"end":{"line":8,"column":16}}},"fnMap":{"0":{"name":"validPalindrome","decl":{"start":{"line":8,"column":16},"end":{"line":8,"column":31}},"loc":{"start":{"line":8,"column":41},"end":{"line":35,"column":1}}},"1":{"name":"isPalindrome","decl":{"start":{"line":24,"column":11},"end":{"line":24,"column":23}},"loc":{"start":{"line":24,"column":51},"end":{"line":33,"column":3}}}},"branchMap":{"0":{"loc":{"start":{"line":11,"column":9},"end":{"line":11,"column":31}},"type":"binary-expr","locations":[{"start":{"line":11,"column":9},"end":{"line":11,"column":14}},{"start":{"line":11,"column":18},"end":{"line":11,"column":31}}]},"1":{"loc":{"start":{"line":16,"column":2},"end":{"line":18,"column":null}},"type":"if","locations":[{"start":{"line":16,"column":2},"end":{"line":18,"column":null}}]},"2":{"loc":{"start":{"line":20,"column":2},"end":{"line":22,"column":null}},"type":"if","locations":[{"start":{"line":20,"column":2},"end":{"line":22,"column":null}}]},"3":{"loc":{"start":{"line":26,"column":6},"end":{"line":28,"column":null}},"type":"if","locations":[{"start":{"line":26,"column":6},"end":{"line":28,"column":null}}]}},"s":{"0":3,"1":3,"2":3,"3":2,"4":2,"5":3,"6":2,"7":1,"8":0,"9":4,"10":2,"11":2,"12":0,"13":0,"14":2,"15":1,"16":1},"f":{"0":3,"1":4},"b":{"0":[5,4],"1":[2],"2":[0],"3":[2]}}
,"D:\\ataola\\github\\ataola\\coding-ts\\code\\leetcode\\8-string-to-integer-atoi.ts": {"path":"D:\\ataola\\github\\ataola\\coding-ts\\code\\leetcode\\8-string-to-integer-atoi.ts","statementMap":{"0":{"start":{"line":9,"column":14},"end":{"line":9,"column":35}},"1":{"start":{"line":10,"column":17},"end":{"line":10,"column":29}},"2":{"start":{"line":14,"column":14},"end":{"line":14,"column":33}},"3":{"start":{"line":15,"column":14},"end":{"line":15,"column":22}},"4":{"start":{"line":16,"column":12},"end":{"line":16,"column":13}},"5":{"start":{"line":17,"column":2},"end":{"line":22,"column":null}},"6":{"start":{"line":18,"column":4},"end":{"line":18,"column":21}},"7":{"start":{"line":19,"column":4},"end":{"line":21,"column":null}},"8":{"start":{"line":20,"column":6},"end":{"line":20,"column":14}},"9":{"start":{"line":23,"column":2},"end":{"line":23,"column":49}},"10":{"start":{"line":8,"column":0},"end":{"line":8,"column":16}}},"fnMap":{"0":{"name":"myAtoi","decl":{"start":{"line":8,"column":16},"end":{"line":8,"column":22}},"loc":{"start":{"line":8,"column":32},"end":{"line":24,"column":1}}}},"branchMap":{"0":{"loc":{"start":{"line":17,"column":2},"end":{"line":22,"column":null}},"type":"if","locations":[{"start":{"line":17,"column":2},"end":{"line":22,"column":null}}]},"1":{"loc":{"start":{"line":19,"column":4},"end":{"line":21,"column":null}},"type":"if","locations":[{"start":{"line":19,"column":4},"end":{"line":21,"column":null}}]},"2":{"loc":{"start":{"line":23,"column":9},"end":{"line":23,"column":48}},"type":"cond-expr","locations":[{"start":{"line":23,"column":21},"end":{"line":23,"column":24}},{"start":{"line":23,"column":27},"end":{"line":23,"column":48}}]},"3":{"loc":{"start":{"line":23,"column":27},"end":{"line":23,"column":48}},"type":"cond-expr","locations":[{"start":{"line":23,"column":39},"end":{"line":23,"column":42}},{"start":{"line":23,"column":45},"end":{"line":23,"column":48}}]}},"s":{"0":5,"1":5,"2":5,"3":5,"4":5,"5":5,"6":5,"7":5,"8":0,"9":5,"10":1},"f":{"0":5},"b":{"0":[5],"1":[0],"2":[1,4],"3":[0,4]}}
,"D:\\ataola\\github\\ataola\\coding-ts\\code\\leetcode\\88-merge-sorted-array.ts": {"path":"D:\\ataola\\github\\ataola\\coding-ts\\code\\leetcode\\88-merge-sorted-array.ts","statementMap":{"0":{"start":{"line":11,"column":10},"end":{"line":11,"column":15}},"1":{"start":{"line":12,"column":10},"end":{"line":12,"column":15}},"2":{"start":{"line":13,"column":10},"end":{"line":13,"column":19}},"3":{"start":{"line":14,"column":2},"end":{"line":24,"column":null}},"4":{"start":{"line":15,"column":4},"end":{"line":23,"column":null}},"5":{"start":{"line":16,"column":6},"end":{"line":16,"column":26}},"6":{"start":{"line":17,"column":6},"end":{"line":17,"column":10}},"7":{"start":{"line":18,"column":6},"end":{"line":18,"column":10}},"8":{"start":{"line":20,"column":6},"end":{"line":20,"column":26}},"9":{"start":{"line":21,"column":6},"end":{"line":21,"column":10}},"10":{"start":{"line":22,"column":6},"end":{"line":22,"column":10}},"11":{"start":{"line":26,"column":2},"end":{"line":30,"column":null}},"12":{"start":{"line":27,"column":4},"end":{"line":27,"column":24}},"13":{"start":{"line":28,"column":4},"end":{"line":28,"column":8}},"14":{"start":{"line":29,"column":4},"end":{"line":29,"column":8}},"15":{"start":{"line":10,"column":0},"end":{"line":10,"column":16}}},"fnMap":{"0":{"name":"merge","decl":{"start":{"line":10,"column":16},"end":{"line":10,"column":21}},"loc":{"start":{"line":10,"column":76},"end":{"line":31,"column":1}}}},"branchMap":{"0":{"loc":{"start":{"line":14,"column":9},"end":{"line":14,"column":25}},"type":"binary-expr","locations":[{"start":{"line":14,"column":9},"end":{"line":14,"column":15}},{"start":{"line":14,"column":19},"end":{"line":14,"column":25}}]},"1":{"loc":{"start":{"line":15,"column":4},"end":{"line":23,"column":null}},"type":"if","locations":[{"start":{"line":15,"column":4},"end":{"line":23,"column":null}},{"start":{"line":19,"column":11},"end":{"line":23,"column":null}}]}},"s":{"0":3,"1":3,"2":3,"3":3,"4":4,"5":1,"6":1,"7":1,"8":3,"9":3,"10":3,"11":3,"12":1,"13":1,"14":1,"15":1},"f":{"0":3},"b":{"0":[7,6],"1":[1,3]}}
}
