TN:
SF:code\sum.ts
FN:3,(anonymous_0)
FNF:1
FNH:1
FNDA:1,(anonymous_0)
DA:3,1
DA:4,1
LF:2
LH:2
BRF:0
BRH:0
end_of_record
TN:
SF:code\leetcode\1-two-sum.ts
FN:8,twoSum1
FN:23,twoSum2
FNF:2
FNH:2
FNDA:3,twoSum1
FNDA:3,twoSum2
DA:8,1
DA:9,3
DA:10,4
DA:11,5
DA:12,3
DA:23,1
DA:24,3
DA:25,3
DA:26,7
DA:27,3
DA:29,4
LF:11
LH:11
BRDA:11,0,0,3
BRDA:26,1,0,3
BRF:2
BRH:2
end_of_record
TN:
SF:code\leetcode\15-three-sum.ts
FN:8,threeSum
FN:15,(anonymous_1)
FNF:2
FNH:2
FNDA:3,threeSum
FNDA:10,(anonymous_1)
DA:8,1
DA:9,3
DA:11,3
DA:12,2
DA:15,10
DA:17,1
DA:18,4
DA:19,4
DA:21,4
DA:22,1
DA:25,3
DA:26,6
DA:27,3
DA:28,3
DA:29,1
DA:31,3
DA:32,1
DA:33,1
DA:34,0
DA:37,2
DA:38,2
DA:39,2
DA:40,2
DA:41,0
DA:43,2
DA:44,0
DA:50,1
LF:27
LH:24
BRDA:11,0,0,2
BRDA:21,1,0,1
BRDA:21,2,0,4
BRDA:21,2,1,3
BRDA:26,3,0,3
BRDA:26,3,1,3
BRDA:28,4,0,4
BRDA:28,4,1,3
BRDA:31,5,0,1
BRDA:31,5,1,2
BRDA:33,6,0,1
BRDA:33,6,1,0
BRDA:40,7,0,2
BRDA:40,7,1,1
BRDA:43,8,0,2
BRDA:43,8,1,1
BRF:16
BRH:15
end_of_record
TN:
SF:code\leetcode\680-valid-palindrome-ii.ts
FN:8,validPalindrome
FN:24,isPalindrome
FNF:2
FNH:2
FNDA:3,validPalindrome
FNDA:4,isPalindrome
DA:8,1
DA:9,3
DA:10,3
DA:11,3
DA:12,2
DA:13,2
DA:16,3
DA:17,2
DA:20,1
DA:21,0
DA:25,4
DA:26,2
DA:27,2
DA:29,0
DA:30,0
DA:32,2
DA:34,1
LF:17
LH:14
BRDA:11,0,0,5
BRDA:11,0,1,4
BRDA:16,1,0,2
BRDA:20,2,0,0
BRDA:26,3,0,2
BRF:5
BRH:4
end_of_record
TN:
SF:code\leetcode\88-merge-sorted-array.ts
FN:10,merge
FNF:1
FNH:1
FNDA:3,merge
DA:10,1
DA:11,3
DA:12,3
DA:13,3
DA:14,3
DA:15,4
DA:16,1
DA:17,1
DA:18,1
DA:20,3
DA:21,3
DA:22,3
DA:26,3
DA:27,1
DA:28,1
DA:29,1
LF:16
LH:16
BRDA:14,0,0,7
BRDA:14,0,1,6
BRDA:15,1,0,1
BRDA:15,1,1,3
BRF:4
BRH:4
end_of_record
