TN:
SF:code\sum.ts
FN:3,(anonymous_0)
FNF:1
FNH:1
FNDA:1,(anonymous_0)
DA:3,1
DA:4,1
LF:2
LH:2
BRF:0
BRH:0
end_of_record
TN:
SF:code\leetcode\1-two-sum.ts
FN:3,twoSum1
FN:14,twoSum2
FNF:2
FNH:2
FNDA:3,twoSum1
FNDA:3,twoSum2
DA:3,1
DA:4,3
DA:5,4
DA:6,5
DA:7,3
DA:14,1
DA:15,3
DA:16,3
DA:17,7
DA:18,3
DA:20,4
LF:11
LH:11
BRDA:6,0,0,3
BRDA:17,1,0,3
BRF:2
BRH:2
end_of_record
TN:
SF:code\leetcode\88-merge-sorted-array.ts
FN:6,merge
FNF:1
FNH:1
FNDA:3,merge
DA:6,1
DA:7,3
DA:8,3
DA:9,3
DA:10,3
DA:11,4
DA:12,1
DA:13,1
DA:14,1
DA:16,3
DA:17,3
DA:18,3
DA:22,3
DA:23,1
DA:24,1
DA:25,1
LF:16
LH:16
BRDA:10,0,0,7
BRDA:10,0,1,6
BRDA:11,1,0,1
BRDA:11,1,1,3
BRF:4
BRH:4
end_of_record
